<?xml version="1.0" encoding="UTF-8"?>
<!-- Generated by org.testng.reporters.JUnitReportReporter -->
<testsuite hostname="DESKTOP-DDTAJ8U" failures="0" tests="2" name="MyTestCase" time="0.117" errors="0" timestamp="2024-11-11T18:57:21 EET" skipped="1">
  <testcase classname="MyTestCase" name="RadioButtons" time="0.117"/>
  <system-out/>
  <testcase classname="MyTestCase" name="DynamicDropDown">
    <skipped/>
  </testcase> <!-- DynamicDropDown -->
  <system-out/>
</testsuite> <!-- MyTestCase -->
